<?xml version="1.0" encoding="UTF-8"?>
<testsuite name="com.example.blankapp.engine.LifeEngineTest" tests="12" skipped="0" failures="0" errors="0" timestamp="2026-07-08T07:43:38" hostname="codespaces-f1e830" time="0.01">
  <properties/>
  <testcase name="userMessageInAbsent_switchesBackToPresent" classname="com.example.blankapp.engine.LifeEngineTest" time="0.001"/>
  <testcase name="proactiveSent_incrementsNoReply" classname="com.example.blankapp.engine.LifeEngineTest" time="0.0"/>
  <testcase name="analyzesNeutralMessage" classname="com.example.blankapp.engine.LifeEngineTest" time="0.0"/>
  <testcase name="userMessage_keepsPresent" classname="com.example.blankapp.engine.LifeEngineTest" time="0.0"/>
  <testcase name="analyzesNeedCareWords" classname="com.example.blankapp.engine.LifeEngineTest" time="0.0"/>
  <testcase name="persistAndLoad_withNullContext_doesNotCrash" classname="com.example.blankapp.engine.LifeEngineTest" time="0.002"/>
  <testcase name="freshContact_triggers" classname="com.example.blankapp.engine.LifeEngineTest" time="0.0"/>
  <testcase name="silentBeyondThreshold_switchesToAbsent" classname="com.example.blankapp.engine.LifeEngineTest" time="0.0"/>
  <testcase name="initialModeIsPresent" classname="com.example.blankapp.engine.LifeEngineTest" time="0.0"/>
  <testcase name="onUserMessageWithoutText_doesNotCrash" classname="com.example.blankapp.engine.LifeEngineTest" time="0.001"/>
  <testcase name="initialStateIsIdle" classname="com.example.blankapp.engine.LifeEngineTest" time="0.0"/>
  <testcase name="userMessage_resetsNoReply" classname="com.example.blankapp.engine.LifeEngineTest" time="0.0"/>
  <system-out><![CDATA[]]></system-out>
  <system-err><![CDATA[]]></system-err>
</testsuite>
