<?xml version="1.0" encoding="UTF-8"?>
<testsuite name="com.example.blankapp.SettingsStoreTest" tests="1" skipped="0" failures="1" errors="0" timestamp="2026-07-06T13:51:39" hostname="codespaces-f1e830" time="6.212">
  <properties/>
  <testcase name="storesAndReadsApiKey" classname="com.example.blankapp.SettingsStoreTest" time="6.212">
    <failure message="java.lang.NoClassDefFoundError: android/webkit/RoboCookieManager" type="java.lang.NoClassDefFoundError">java.lang.NoClassDefFoundError: android/webkit/RoboCookieManager
	at org.robolectric.Shadows.reset(Shadows.java:2748)
	at org.robolectric.android.internal.AndroidTestEnvironment.resetState(AndroidTestEnvironment.java:667)
	at org.robolectric.RobolectricTestRunner.lambda$finallyAfterTest$0(RobolectricTestRunner.java:370)
	at org.robolectric.util.PerfStatsCollector.measure(PerfStatsCollector.java:86)
	at org.robolectric.RobolectricTestRunner.finallyAfterTest(RobolectricTestRunner.java:368)
	at org.robolectric.internal.SandboxTestRunner$2.lambda$evaluate$2(SandboxTestRunner.java:298)
	at org.robolectric.internal.bytecode.Sandbox.lambda$runOnMainThread$0(Sandbox.java:101)
	at java.base/java.util.concurrent.FutureTask.run(FutureTask.java:328)
	at java.base/java.util.concurrent.ThreadPoolExecutor.runWorker(ThreadPoolExecutor.java:1090)
	at java.base/java.util.concurrent.ThreadPoolExecutor$Worker.run(ThreadPoolExecutor.java:614)
	at java.base/java.lang.Thread.run(Thread.java:1474)
Caused by: java.lang.ClassNotFoundException: couldn't load android.webkit.RoboCookieManager
	at org.robolectric.internal.bytecode.SandboxClassLoader.maybeInstrumentClass(SandboxClassLoader.java:164)
	at org.robolectric.internal.bytecode.SandboxClassLoader.lambda$loadClass$0(SandboxClassLoader.java:136)
	at org.robolectric.util.PerfStatsCollector.measure(PerfStatsCollector.java:53)
	at org.robolectric.internal.bytecode.SandboxClassLoader.loadClass(SandboxClassLoader.java:136)
	at java.base/java.lang.ClassLoader.loadClass(ClassLoader.java:490)
	... 11 more
Caused by: java.lang.IllegalArgumentException: Unsupported class file major version 69
	at org.objectweb.asm.ClassReader.&lt;init&gt;(ClassReader.java:200)
	at org.objectweb.asm.ClassReader.&lt;init&gt;(ClassReader.java:180)
	at org.objectweb.asm.ClassReader.&lt;init&gt;(ClassReader.java:166)
	at org.robolectric.internal.bytecode.ClassNodeProvider.createClassNode(ClassNodeProvider.java:24)
	at org.robolectric.internal.bytecode.ClassNodeProvider.getClassNode(ClassNodeProvider.java:16)
	at org.robolectric.internal.bytecode.InstrumentingClassWriter.typeInfo(InstrumentingClassWriter.java:115)
	at org.robolectric.internal.bytecode.InstrumentingClassWriter.getCommonSuperClass(InstrumentingClassWriter.java:36)
	at org.objectweb.asm.SymbolTable.addMergedType(SymbolTable.java:1264)
	at org.objectweb.asm.Frame.merge(Frame.java:1311)
	at org.objectweb.asm.Frame.merge(Frame.java:1218)
	at org.objectweb.asm.MethodWriter.computeAllFrames(MethodWriter.java:1612)
	at org.objectweb.asm.MethodWriter.visitMaxs(MethodWriter.java:1548)
	at org.objectweb.asm.MethodVisitor.visitMaxs(MethodVisitor.java:786)
	at org.objectweb.asm.tree.MethodNode.accept(MethodNode.java:767)
	at org.objectweb.asm.tree.MethodNode.accept(MethodNode.java:647)
	at org.objectweb.asm.tree.ClassNode.accept(ClassNode.java:468)
	at org.robolectric.internal.bytecode.ClassInstrumentor.instrumentToBytes(ClassInstrumentor.java:125)
	at org.robolectric.internal.bytecode.ClassInstrumentor.lambda$instrument$1(ClassInstrumentor.java:140)
	at org.robolectric.util.PerfStatsCollector.measure(PerfStatsCollector.java:53)
	at org.robolectric.internal.bytecode.ClassInstrumentor.instrument(ClassInstrumentor.java:140)
	at org.robolectric.internal.bytecode.SandboxClassLoader.maybeInstrumentClass(SandboxClassLoader.java:156)
	... 15 more
</failure>
  </testcase>
  <system-out><![CDATA[]]></system-out>
  <system-err><![CDATA[]]></system-err>
</testsuite>
