<?xml version="1.0" encoding="UTF-8"?>
<testsuite name="com.example.blankapp.engine.EmotionEngineTest" tests="2" skipped="0" failures="0" errors="0" timestamp="2026-07-08T03:07:50" hostname="codespaces-f1e830" time="0.004">
  <properties/>
  <testcase name="checkForEmotionalSignal_returnsNullInNeutral" classname="com.example.blankapp.engine.EmotionEngineTest" time="0.003"/>
  <testcase name="initialStateIsNeutral" classname="com.example.blankapp.engine.EmotionEngineTest" time="0.0"/>
  <system-out><![CDATA[]]></system-out>
  <system-err><![CDATA[]]></system-err>
</testsuite>
