<?xml version="1.0" encoding="UTF-8"?>
<testsuite name="com.example.blankapp.SettingsStoreTest" tests="2" skipped="0" failures="0" errors="0" timestamp="2026-07-08T07:43:38" hostname="codespaces-f1e830" time="0.001">
  <properties/>
  <testcase name="saveAndRead_withNullContext_doesNotCrash" classname="com.example.blankapp.SettingsStoreTest" time="0.0"/>
  <testcase name="nullContextReturnsDefaults" classname="com.example.blankapp.SettingsStoreTest" time="0.0"/>
  <system-out><![CDATA[]]></system-out>
  <system-err><![CDATA[]]></system-err>
</testsuite>
